2017-11-14 21:41:16,805 [Worker-34] WARN  o.e.r.models.ModelRepository - Failed to download org.eclipse.recommenders:index::zip:0.0.0
org.eclipse.aether.resolution.ArtifactResolutionException: Could not transfer artifact org.eclipse.recommenders:index:zip:0.0.0-20150617.073902-1 from/to models (http://download.eclipse.org/recommenders/models/mars/): Read timed out
	at org.eclipse.aether.internal.impl.DefaultArtifactResolver.resolve(DefaultArtifactResolver.java:444) ~[na:na]
	at org.eclipse.aether.internal.impl.DefaultArtifactResolver.resolveArtifacts(DefaultArtifactResolver.java:246) ~[na:na]
	at org.eclipse.aether.internal.impl.DefaultArtifactResolver.resolveArtifact(DefaultArtifactResolver.java:223) ~[na:na]
	at org.eclipse.aether.internal.impl.DefaultRepositorySystem.resolveArtifact(DefaultRepositorySystem.java:294) ~[na:na]
	at org.eclipse.recommenders.models.ModelRepository.resolveInternal(ModelRepository.java:192) [org.eclipse.recommenders.models_2.3.0.v20160216-1255.jar:na]
	at org.eclipse.recommenders.models.ModelRepository.resolve(ModelRepository.java:174) [org.eclipse.recommenders.models_2.3.0.v20160216-1255.jar:na]
	at org.eclipse.recommenders.internal.models.rcp.EclipseModelRepository.resolve(EclipseModelRepository.java:165) [org.eclipse.recommenders.models.rcp_2.3.0.v20160216-1255.jar:na]
	at org.eclipse.recommenders.internal.models.rcp.DownloadModelArchiveJob.run(DownloadModelArchiveJob.java:76) [org.eclipse.recommenders.models.rcp_2.3.0.v20160216-1255.jar:na]
	at org.eclipse.core.internal.jobs.Worker.run(Worker.java:55) [org.eclipse.core.jobs_3.7.0.v20150330-2103.jar:na]
Caused by: org.eclipse.aether.transfer.ArtifactTransferException: Could not transfer artifact org.eclipse.recommenders:index:zip:0.0.0-20150617.073902-1 from/to models (http://download.eclipse.org/recommenders/models/mars/): Read timed out
	at org.eclipse.aether.connector.basic.ArtifactTransportListener.transferFailed(ArtifactTransportListener.java:43) ~[org.eclipse.aether.connector.basic_1.0.1.v20141111.jar:na]
	at org.eclipse.aether.connector.basic.BasicRepositoryConnector$TaskRunner.run(BasicRepositoryConnector.java:355) ~[org.eclipse.aether.connector.basic_1.0.1.v20141111.jar:na]
	at org.eclipse.aether.util.concurrency.RunnableErrorForwarder$1.run(RunnableErrorForwarder.java:67) ~[na:na]
	at org.eclipse.aether.connector.basic.BasicRepositoryConnector$DirectExecutor.execute(BasicRepositoryConnector.java:581) ~[org.eclipse.aether.connector.basic_1.0.1.v20141111.jar:na]
	at org.eclipse.aether.connector.basic.BasicRepositoryConnector.get(BasicRepositoryConnector.java:249) ~[org.eclipse.aether.connector.basic_1.0.1.v20141111.jar:na]
	at org.eclipse.aether.internal.impl.DefaultArtifactResolver.performDownloads(DefaultArtifactResolver.java:520) ~[na:na]
	at org.eclipse.aether.internal.impl.DefaultArtifactResolver.resolve(DefaultArtifactResolver.java:421) ~[na:na]
	... 8 common frames omitted
Caused by: java.net.SocketTimeoutException: Read timed out
	at java.net.SocketInputStream.socketRead0(Native Method) ~[na:1.8.0_131]
	at java.net.SocketInputStream.socketRead(Unknown Source) ~[na:1.8.0_131]
	at java.net.SocketInputStream.read(Unknown Source) ~[na:1.8.0_131]
	at java.net.SocketInputStream.read(Unknown Source) ~[na:1.8.0_131]
	at org.apache.http.impl.io.AbstractSessionInputBuffer.read(AbstractSessionInputBuffer.java:198) ~[na:na]
	at org.apache.http.impl.io.ContentLengthInputStream.read(ContentLengthInputStream.java:178) ~[na:na]
	at org.apache.http.conn.EofSensorInputStream.read(EofSensorInputStream.java:137) ~[na:na]
	at org.apache.http.conn.EofSensorInputStream.read(EofSensorInputStream.java:150) ~[na:na]
	at org.eclipse.aether.spi.connector.transport.AbstractTransporter.copy(AbstractTransporter.java:200) ~[org.eclipse.aether.spi_1.0.1.v20141111.jar:na]
	at org.eclipse.aether.spi.connector.transport.AbstractTransporter.utilGet(AbstractTransporter.java:96) ~[org.eclipse.aether.spi_1.0.1.v20141111.jar:na]
	at org.eclipse.aether.transport.http.HttpTransporter.access$100(HttpTransporter.java:72) ~[org.eclipse.aether.transport.http_1.0.1.v20141111.jar:na]
	at org.eclipse.aether.transport.http.HttpTransporter$EntityGetter.handle(HttpTransporter.java:516) ~[org.eclipse.aether.transport.http_1.0.1.v20141111.jar:na]
	at org.eclipse.aether.transport.http.HttpTransporter.execute(HttpTransporter.java:294) ~[org.eclipse.aether.transport.http_1.0.1.v20141111.jar:na]
	at org.eclipse.aether.transport.http.HttpTransporter.implGet(HttpTransporter.java:243) ~[org.eclipse.aether.transport.http_1.0.1.v20141111.jar:na]
	at org.eclipse.aether.spi.connector.transport.AbstractTransporter.get(AbstractTransporter.java:59) ~[org.eclipse.aether.spi_1.0.1.v20141111.jar:na]
	at org.eclipse.aether.connector.basic.BasicRepositoryConnector$GetTaskRunner.runTask(BasicRepositoryConnector.java:447) ~[org.eclipse.aether.connector.basic_1.0.1.v20141111.jar:na]
	at org.eclipse.aether.connector.basic.BasicRepositoryConnector$TaskRunner.run(BasicRepositoryConnector.java:350) ~[org.eclipse.aether.connector.basic_1.0.1.v20141111.jar:na]
	... 13 common frames omitted
2017-11-18 17:32:52,531 [Worker-13] WARN  o.e.r.models.ModelRepository - Failed to download org.eclipse.recommenders:index::zip:0.0.0
org.eclipse.aether.resolution.ArtifactResolutionException: Could not transfer artifact org.eclipse.recommenders:index:zip:0.0.0-20150617.073902-1 from/to models (http://download.eclipse.org/recommenders/models/mars/): Read timed out
	at org.eclipse.aether.internal.impl.DefaultArtifactResolver.resolve(DefaultArtifactResolver.java:444) ~[na:na]
	at org.eclipse.aether.internal.impl.DefaultArtifactResolver.resolveArtifacts(DefaultArtifactResolver.java:246) ~[na:na]
	at org.eclipse.aether.internal.impl.DefaultArtifactResolver.resolveArtifact(DefaultArtifactResolver.java:223) ~[na:na]
	at org.eclipse.aether.internal.impl.DefaultRepositorySystem.resolveArtifact(DefaultRepositorySystem.java:294) ~[na:na]
	at org.eclipse.recommenders.models.ModelRepository.resolveInternal(ModelRepository.java:192) [org.eclipse.recommenders.models_2.3.0.v20160216-1255.jar:na]
	at org.eclipse.recommenders.models.ModelRepository.resolve(ModelRepository.java:174) [org.eclipse.recommenders.models_2.3.0.v20160216-1255.jar:na]
	at org.eclipse.recommenders.internal.models.rcp.EclipseModelRepository.resolve(EclipseModelRepository.java:165) [org.eclipse.recommenders.models.rcp_2.3.0.v20160216-1255.jar:na]
	at org.eclipse.recommenders.internal.models.rcp.DownloadModelArchiveJob.run(DownloadModelArchiveJob.java:76) [org.eclipse.recommenders.models.rcp_2.3.0.v20160216-1255.jar:na]
	at org.eclipse.core.internal.jobs.Worker.run(Worker.java:55) [org.eclipse.core.jobs_3.7.0.v20150330-2103.jar:na]
Caused by: org.eclipse.aether.transfer.ArtifactTransferException: Could not transfer artifact org.eclipse.recommenders:index:zip:0.0.0-20150617.073902-1 from/to models (http://download.eclipse.org/recommenders/models/mars/): Read timed out
	at org.eclipse.aether.connector.basic.ArtifactTransportListener.transferFailed(ArtifactTransportListener.java:43) ~[org.eclipse.aether.connector.basic_1.0.1.v20141111.jar:na]
	at org.eclipse.aether.connector.basic.BasicRepositoryConnector$TaskRunner.run(BasicRepositoryConnector.java:355) ~[org.eclipse.aether.connector.basic_1.0.1.v20141111.jar:na]
	at org.eclipse.aether.util.concurrency.RunnableErrorForwarder$1.run(RunnableErrorForwarder.java:67) ~[na:na]
	at org.eclipse.aether.connector.basic.BasicRepositoryConnector$DirectExecutor.execute(BasicRepositoryConnector.java:581) ~[org.eclipse.aether.connector.basic_1.0.1.v20141111.jar:na]
	at org.eclipse.aether.connector.basic.BasicRepositoryConnector.get(BasicRepositoryConnector.java:249) ~[org.eclipse.aether.connector.basic_1.0.1.v20141111.jar:na]
	at org.eclipse.aether.internal.impl.DefaultArtifactResolver.performDownloads(DefaultArtifactResolver.java:520) ~[na:na]
	at org.eclipse.aether.internal.impl.DefaultArtifactResolver.resolve(DefaultArtifactResolver.java:421) ~[na:na]
	... 8 common frames omitted
Caused by: java.net.SocketTimeoutException: Read timed out
	at java.net.SocketInputStream.socketRead0(Native Method) ~[na:1.8.0_131]
	at java.net.SocketInputStream.socketRead(Unknown Source) ~[na:1.8.0_131]
	at java.net.SocketInputStream.read(Unknown Source) ~[na:1.8.0_131]
	at java.net.SocketInputStream.read(Unknown Source) ~[na:1.8.0_131]
	at org.apache.http.impl.io.AbstractSessionInputBuffer.read(AbstractSessionInputBuffer.java:198) ~[na:na]
	at org.apache.http.impl.io.ContentLengthInputStream.read(ContentLengthInputStream.java:178) ~[na:na]
	at org.apache.http.conn.EofSensorInputStream.read(EofSensorInputStream.java:137) ~[na:na]
	at org.apache.http.conn.EofSensorInputStream.read(EofSensorInputStream.java:150) ~[na:na]
	at org.eclipse.aether.spi.connector.transport.AbstractTransporter.copy(AbstractTransporter.java:200) ~[org.eclipse.aether.spi_1.0.1.v20141111.jar:na]
	at org.eclipse.aether.spi.connector.transport.AbstractTransporter.utilGet(AbstractTransporter.java:96) ~[org.eclipse.aether.spi_1.0.1.v20141111.jar:na]
	at org.eclipse.aether.transport.http.HttpTransporter.access$100(HttpTransporter.java:72) ~[org.eclipse.aether.transport.http_1.0.1.v20141111.jar:na]
	at org.eclipse.aether.transport.http.HttpTransporter$EntityGetter.handle(HttpTransporter.java:516) ~[org.eclipse.aether.transport.http_1.0.1.v20141111.jar:na]
	at org.eclipse.aether.transport.http.HttpTransporter.execute(HttpTransporter.java:294) ~[org.eclipse.aether.transport.http_1.0.1.v20141111.jar:na]
	at org.eclipse.aether.transport.http.HttpTransporter.implGet(HttpTransporter.java:243) ~[org.eclipse.aether.transport.http_1.0.1.v20141111.jar:na]
	at org.eclipse.aether.spi.connector.transport.AbstractTransporter.get(AbstractTransporter.java:59) ~[org.eclipse.aether.spi_1.0.1.v20141111.jar:na]
	at org.eclipse.aether.connector.basic.BasicRepositoryConnector$GetTaskRunner.runTask(BasicRepositoryConnector.java:447) ~[org.eclipse.aether.connector.basic_1.0.1.v20141111.jar:na]
	at org.eclipse.aether.connector.basic.BasicRepositoryConnector$TaskRunner.run(BasicRepositoryConnector.java:350) ~[org.eclipse.aether.connector.basic_1.0.1.v20141111.jar:na]
	... 13 common frames omitted
2018-04-23 10:54:46,769 [main] ERROR o.e.m.c.i.p.r.ProjectRegistryReader - Can't read workspace state
java.io.InvalidClassException: org.eclipse.m2e.core.internal.project.registry.BasicProjectRegistry; local class incompatible: stream classdesc serialVersionUID = 6232274446642339434, local class serialVersionUID = 5542512601401896748
	at java.io.ObjectStreamClass.initNonProxy(ObjectStreamClass.java:562) ~[na:1.6.0_13]
	at java.io.ObjectInputStream.readNonProxyDesc(ObjectInputStream.java:1583) ~[na:1.6.0_13]
	at java.io.ObjectInputStream.readClassDesc(ObjectInputStream.java:1496) ~[na:1.6.0_13]
	at java.io.ObjectInputStream.readNonProxyDesc(ObjectInputStream.java:1583) ~[na:1.6.0_13]
	at java.io.ObjectInputStream.readClassDesc(ObjectInputStream.java:1496) ~[na:1.6.0_13]
	at java.io.ObjectInputStream.readOrdinaryObject(ObjectInputStream.java:1732) ~[na:1.6.0_13]
	at java.io.ObjectInputStream.readObject0(ObjectInputStream.java:1329) ~[na:1.6.0_13]
	at java.io.ObjectInputStream.readObject(ObjectInputStream.java:351) ~[na:1.6.0_13]
	at org.eclipse.m2e.core.internal.project.registry.ProjectRegistryReader.readWorkspaceState(ProjectRegistryReader.java:100) ~[org.eclipse.m2e.core_1.0.0.me201211011550.jar:na]
	at org.eclipse.m2e.core.internal.project.registry.ProjectRegistryManager.<init>(ProjectRegistryManager.java:133) [org.eclipse.m2e.core_1.0.0.me201211011550.jar:na]
	at org.eclipse.m2e.core.internal.MavenPluginActivator.start(MavenPluginActivator.java:197) [org.eclipse.m2e.core_1.0.0.me201211011550.jar:na]
	at org.eclipse.osgi.framework.internal.core.BundleContextImpl$1.run(BundleContextImpl.java:711) [org.eclipse.osgi_3.7.2.v20120110-1415.jar:na]
	at java.security.AccessController.doPrivileged(Native Method) [na:1.6.0_13]
	at org.eclipse.osgi.framework.internal.core.BundleContextImpl.startActivator(BundleContextImpl.java:702) [org.eclipse.osgi_3.7.2.v20120110-1415.jar:na]
	at org.eclipse.osgi.framework.internal.core.BundleContextImpl.start(BundleContextImpl.java:683) [org.eclipse.osgi_3.7.2.v20120110-1415.jar:na]
	at org.eclipse.osgi.framework.internal.core.BundleHost.startWorker(BundleHost.java:381) [org.eclipse.osgi_3.7.2.v20120110-1415.jar:na]
	at org.eclipse.osgi.framework.internal.core.AbstractBundle.start(AbstractBundle.java:299) [org.eclipse.osgi_3.7.2.v20120110-1415.jar:na]
	at org.eclipse.osgi.framework.util.SecureAction.start(SecureAction.java:440) [org.eclipse.osgi_3.7.2.v20120110-1415.jar:na]
	at org.eclipse.osgi.internal.loader.BundleLoader.setLazyTrigger(BundleLoader.java:268) [org.eclipse.osgi_3.7.2.v20120110-1415.jar:na]
	at org.eclipse.core.runtime.internal.adaptor.EclipseLazyStarter.postFindLocalClass(EclipseLazyStarter.java:107) [org.eclipse.osgi_3.7.2.v20120110-1415.jar:na]
	at org.eclipse.osgi.baseadaptor.loader.ClasspathManager.findLocalClass(ClasspathManager.java:463) [org.eclipse.osgi_3.7.2.v20120110-1415.jar:na]
	at org.eclipse.osgi.internal.baseadaptor.DefaultClassLoader.findLocalClass(DefaultClassLoader.java:216) [org.eclipse.osgi_3.7.2.v20120110-1415.jar:na]
	at org.eclipse.osgi.internal.loader.BundleLoader.findLocalClass(BundleLoader.java:400) [org.eclipse.osgi_3.7.2.v20120110-1415.jar:na]
	at org.eclipse.osgi.internal.loader.SingleSourcePackage.loadClass(SingleSourcePackage.java:35) [org.eclipse.osgi_3.7.2.v20120110-1415.jar:na]
	at org.eclipse.osgi.internal.loader.BundleLoader.findClassInternal(BundleLoader.java:473) [org.eclipse.osgi_3.7.2.v20120110-1415.jar:na]
	at org.eclipse.osgi.internal.loader.BundleLoader.findClass(BundleLoader.java:429) [org.eclipse.osgi_3.7.2.v20120110-1415.jar:na]
	at org.eclipse.osgi.internal.loader.BundleLoader.findClass(BundleLoader.java:417) [org.eclipse.osgi_3.7.2.v20120110-1415.jar:na]
	at org.eclipse.osgi.internal.baseadaptor.DefaultClassLoader.loadClass(DefaultClassLoader.java:107) [org.eclipse.osgi_3.7.2.v20120110-1415.jar:na]
	at java.lang.ClassLoader.loadClass(ClassLoader.java:252) [na:1.6.0_13]
	at java.lang.ClassLoader.loadClassInternal(ClassLoader.java:320) [na:1.6.0_13]
	at java.lang.Class.getDeclaredConstructors0(Native Method) [na:1.6.0_13]
	at java.lang.Class.privateGetDeclaredConstructors(Class.java:2389) [na:1.6.0_13]
	at java.lang.Class.getConstructor0(Class.java:2699) [na:1.6.0_13]
	at java.lang.Class.newInstance0(Class.java:326) [na:1.6.0_13]
	at java.lang.Class.newInstance(Class.java:308) [na:1.6.0_13]
	at org.eclipse.osgi.framework.internal.core.AbstractBundle.loadBundleActivator(AbstractBundle.java:166) [org.eclipse.osgi_3.7.2.v20120110-1415.jar:na]
	at org.eclipse.osgi.framework.internal.core.BundleContextImpl.start(BundleContextImpl.java:679) [org.eclipse.osgi_3.7.2.v20120110-1415.jar:na]
	at org.eclipse.osgi.framework.internal.core.BundleHost.startWorker(BundleHost.java:381) [org.eclipse.osgi_3.7.2.v20120110-1415.jar:na]
	at org.eclipse.osgi.framework.internal.core.AbstractBundle.start(AbstractBundle.java:299) [org.eclipse.osgi_3.7.2.v20120110-1415.jar:na]
	at org.eclipse.osgi.framework.util.SecureAction.start(SecureAction.java:440) [org.eclipse.osgi_3.7.2.v20120110-1415.jar:na]
	at org.eclipse.osgi.internal.loader.BundleLoader.setLazyTrigger(BundleLoader.java:268) [org.eclipse.osgi_3.7.2.v20120110-1415.jar:na]
	at org.eclipse.core.runtime.internal.adaptor.EclipseLazyStarter.postFindLocalClass(EclipseLazyStarter.java:107) [org.eclipse.osgi_3.7.2.v20120110-1415.jar:na]
	at org.eclipse.osgi.baseadaptor.loader.ClasspathManager.findLocalClass(ClasspathManager.java:463) [org.eclipse.osgi_3.7.2.v20120110-1415.jar:na]
	at org.eclipse.osgi.internal.baseadaptor.DefaultClassLoader.findLocalClass(DefaultClassLoader.java:216) [org.eclipse.osgi_3.7.2.v20120110-1415.jar:na]
	at org.eclipse.osgi.internal.loader.BundleLoader.findLocalClass(BundleLoader.java:400) [org.eclipse.osgi_3.7.2.v20120110-1415.jar:na]
	at org.eclipse.osgi.internal.loader.SingleSourcePackage.loadClass(SingleSourcePackage.java:35) [org.eclipse.osgi_3.7.2.v20120110-1415.jar:na]
	at org.eclipse.osgi.internal.loader.BundleLoader.findClassInternal(BundleLoader.java:473) [org.eclipse.osgi_3.7.2.v20120110-1415.jar:na]
	at org.eclipse.osgi.internal.loader.BundleLoader.findClass(BundleLoader.java:429) [org.eclipse.osgi_3.7.2.v20120110-1415.jar:na]
	at org.eclipse.osgi.internal.loader.BundleLoader.findClass(BundleLoader.java:417) [org.eclipse.osgi_3.7.2.v20120110-1415.jar:na]
	at org.eclipse.osgi.internal.baseadaptor.DefaultClassLoader.loadClass(DefaultClassLoader.java:107) [org.eclipse.osgi_3.7.2.v20120110-1415.jar:na]
	at java.lang.ClassLoader.loadClass(ClassLoader.java:252) [na:1.6.0_13]
	at java.lang.ClassLoader.loadClassInternal(ClassLoader.java:320) [na:1.6.0_13]
	at java.lang.ClassLoader.defineClass1(Native Method) [na:1.6.0_13]
	at java.lang.ClassLoader.defineClass(ClassLoader.java:621) [na:1.6.0_13]
	at org.eclipse.osgi.internal.baseadaptor.DefaultClassLoader.defineClass(DefaultClassLoader.java:188) [org.eclipse.osgi_3.7.2.v20120110-1415.jar:na]
	at org.eclipse.osgi.baseadaptor.loader.ClasspathManager.defineClassHoldingLock(ClasspathManager.java:626) [org.eclipse.osgi_3.7.2.v20120110-1415.jar:na]
	at org.eclipse.osgi.baseadaptor.loader.ClasspathManager.defineClass(ClasspathManager.java:608) [org.eclipse.osgi_3.7.2.v20120110-1415.jar:na]
	at org.eclipse.osgi.baseadaptor.loader.ClasspathManager.findClassImpl(ClasspathManager.java:562) [org.eclipse.osgi_3.7.2.v20120110-1415.jar:na]
	at org.eclipse.osgi.baseadaptor.loader.ClasspathManager.findLocalClassImpl(ClasspathManager.java:486) [org.eclipse.osgi_3.7.2.v20120110-1415.jar:na]
	at org.eclipse.osgi.baseadaptor.loader.ClasspathManager.findLocalClass(ClasspathManager.java:459) [org.eclipse.osgi_3.7.2.v20120110-1415.jar:na]
	at org.eclipse.osgi.internal.baseadaptor.DefaultClassLoader.findLocalClass(DefaultClassLoader.java:216) [org.eclipse.osgi_3.7.2.v20120110-1415.jar:na]
	at org.eclipse.osgi.internal.loader.BundleLoader.findLocalClass(BundleLoader.java:400) [org.eclipse.osgi_3.7.2.v20120110-1415.jar:na]
	at org.eclipse.osgi.internal.loader.BundleLoader.findClassInternal(BundleLoader.java:476) [org.eclipse.osgi_3.7.2.v20120110-1415.jar:na]
	at org.eclipse.osgi.internal.loader.BundleLoader.findClass(BundleLoader.java:429) [org.eclipse.osgi_3.7.2.v20120110-1415.jar:na]
	at org.eclipse.osgi.internal.loader.BundleLoader.findClass(BundleLoader.java:417) [org.eclipse.osgi_3.7.2.v20120110-1415.jar:na]
	at org.eclipse.osgi.internal.baseadaptor.DefaultClassLoader.loadClass(DefaultClassLoader.java:107) [org.eclipse.osgi_3.7.2.v20120110-1415.jar:na]
	at java.lang.ClassLoader.loadClass(ClassLoader.java:252) [na:1.6.0_13]
	at java.lang.ClassLoader.loadClassInternal(ClassLoader.java:320) [na:1.6.0_13]
	at com.genuitec.eclipse.maven.core.M2EclipseUtil.createWizardPage(M2EclipseUtil.java:805) [com.genuitec.eclipse.maven_10.0.0.me201211011550.jar:na]
	at com.genuitec.eclipse.maven.core.M2EclipseDelegate.createWizardPage(M2EclipseDelegate.java:54) [com.genuitec.eclipse.maven_10.0.0.me201211011550.jar:na]
	at com.genuitec.eclipse.j2eedt.core.MavenUtil.createWizardPage(Unknown Source) [j2eedtcore.jar:na]
	at com.genuitec.eclipse.j2eedt.ui.wizard.NewWebProjectWizard.createMavenPage(Unknown Source) [j2eedtcore.jar:na]
	at com.genuitec.eclipse.j2eedt.ui.wizard.NewWebProjectWizard.addPages(Unknown Source) [j2eedtcore.jar:na]
	at org.eclipse.jface.wizard.WizardSelectionPage.getNextPage(WizardSelectionPage.java:113) [org.eclipse.jface_3.7.0.v20110928-1505.jar:na]
	at org.eclipse.ui.internal.dialogs.WorkbenchWizardSelectionPage.getNextPage(WorkbenchWizardSelectionPage.java:100) [org.eclipse.ui.workbench_3.7.1.v20120104-1859.jar:na]
	at org.eclipse.ui.internal.dialogs.NewWizardSelectionPage.advanceToNextPageOrFinish(NewWizardSelectionPage.java:71) [org.eclipse.ui.workbench_3.7.1.v20120104-1859.jar:na]
	at org.eclipse.ui.internal.dialogs.NewWizardNewPage$1.doubleClick(NewWizardNewPage.java:364) [org.eclipse.ui.workbench_3.7.1.v20120104-1859.jar:na]
	at org.eclipse.jface.viewers.StructuredViewer$1.run(StructuredViewer.java:845) [org.eclipse.jface_3.7.0.v20110928-1505.jar:na]
	at org.eclipse.core.runtime.SafeRunner.run(SafeRunner.java:42) [org.eclipse.equinox.common_3.6.0.v20110523.jar:na]
	at org.eclipse.ui.internal.JFaceUtil$1.run(JFaceUtil.java:49) [org.eclipse.ui.workbench_3.7.1.v20120104-1859.jar:na]
	at org.eclipse.jface.util.SafeRunnable.run(SafeRunnable.java:175) [org.eclipse.jface_3.7.0.v20110928-1505.jar:na]
	at org.eclipse.jface.viewers.StructuredViewer.fireDoubleClick(StructuredViewer.java:843) [org.eclipse.jface_3.7.0.v20110928-1505.jar:na]
	at org.eclipse.jface.viewers.AbstractTreeViewer.handleDoubleSelect(AbstractTreeViewer.java:1462) [org.eclipse.jface_3.7.0.v20110928-1505.jar:na]
	at org.eclipse.jface.viewers.StructuredViewer$4.widgetDefaultSelected(StructuredViewer.java:1246) [org.eclipse.jface_3.7.0.v20110928-1505.jar:na]
	at org.eclipse.jface.util.OpenStrategy.fireDefaultSelectionEvent(OpenStrategy.java:249) [org.eclipse.jface_3.7.0.v20110928-1505.jar:na]
	at org.eclipse.jface.util.OpenStrategy.access$0(OpenStrategy.java:246) [org.eclipse.jface_3.7.0.v20110928-1505.jar:na]
	at org.eclipse.jface.util.OpenStrategy$1.handleEvent(OpenStrategy.java:307) [org.eclipse.jface_3.7.0.v20110928-1505.jar:na]
	at org.eclipse.swt.widgets.EventTable.sendEvent(EventTable.java:84) [org.eclipse.swt.win32.win32.x86_64_3.7.2.v3740f.jar:na]
	at org.eclipse.swt.widgets.Widget.sendEvent(Widget.java:1053) [org.eclipse.swt.win32.win32.x86_64_3.7.2.v3740f.jar:na]
	at org.eclipse.swt.widgets.Display.runDeferredEvents(Display.java:4165) [org.eclipse.swt.win32.win32.x86_64_3.7.2.v3740f.jar:na]
	at org.eclipse.swt.widgets.Display.readAndDispatch(Display.java:3754) [org.eclipse.swt.win32.win32.x86_64_3.7.2.v3740f.jar:na]
	at org.eclipse.jface.window.Window.runEventLoop(Window.java:825) [org.eclipse.jface_3.7.0.v20110928-1505.jar:na]
	at org.eclipse.jface.window.Window.open(Window.java:801) [org.eclipse.jface_3.7.0.v20110928-1505.jar:na]
	at org.eclipse.ui.internal.handlers.WizardHandler$New.executeHandler(WizardHandler.java:257) [org.eclipse.ui.workbench_3.7.1.v20120104-1859.jar:na]
	at org.eclipse.ui.internal.handlers.WizardHandler.execute(WizardHandler.java:277) [org.eclipse.ui.workbench_3.7.1.v20120104-1859.jar:na]
	at org.eclipse.ui.internal.handlers.HandlerProxy.execute(HandlerProxy.java:293) [org.eclipse.ui.workbench_3.7.1.v20120104-1859.jar:na]
	at org.eclipse.core.commands.Command.executeWithChecks(Command.java:476) [org.eclipse.core.commands_3.6.0.I20110111-0800.jar:na]
	at org.eclipse.core.commands.ParameterizedCommand.executeWithChecks(ParameterizedCommand.java:508) [org.eclipse.core.commands_3.6.0.I20110111-0800.jar:na]
	at org.eclipse.ui.internal.handlers.HandlerService.executeCommand(HandlerService.java:169) [org.eclipse.ui.workbench_3.7.1.v20120104-1859.jar:na]
	at org.eclipse.ui.internal.handlers.SlaveHandlerService.executeCommand(SlaveHandlerService.java:241) [org.eclipse.ui.workbench_3.7.1.v20120104-1859.jar:na]
	at org.eclipse.ui.internal.actions.CommandAction.runWithEvent(CommandAction.java:157) [org.eclipse.ui.workbench_3.7.1.v20120104-1859.jar:na]
	at org.eclipse.jface.action.ActionContributionItem.handleWidgetSelection(ActionContributionItem.java:584) [org.eclipse.jface_3.7.0.v20110928-1505.jar:na]
	at org.eclipse.jface.action.ActionContributionItem.access$2(ActionContributionItem.java:501) [org.eclipse.jface_3.7.0.v20110928-1505.jar:na]
	at org.eclipse.jface.action.ActionContributionItem$5.handleEvent(ActionContributionItem.java:411) [org.eclipse.jface_3.7.0.v20110928-1505.jar:na]
	at org.eclipse.swt.widgets.EventTable.sendEvent(EventTable.java:84) [org.eclipse.swt.win32.win32.x86_64_3.7.2.v3740f.jar:na]
	at org.eclipse.swt.widgets.Widget.sendEvent(Widget.java:1053) [org.eclipse.swt.win32.win32.x86_64_3.7.2.v3740f.jar:na]
	at org.eclipse.swt.widgets.Display.runDeferredEvents(Display.java:4165) [org.eclipse.swt.win32.win32.x86_64_3.7.2.v3740f.jar:na]
	at org.eclipse.swt.widgets.Display.readAndDispatch(Display.java:3754) [org.eclipse.swt.win32.win32.x86_64_3.7.2.v3740f.jar:na]
	at org.eclipse.ui.internal.Workbench.runEventLoop(Workbench.java:2701) [org.eclipse.ui.workbench_3.7.1.v20120104-1859.jar:na]
	at org.eclipse.ui.internal.Workbench.runUI(Workbench.java:2665) [org.eclipse.ui.workbench_3.7.1.v20120104-1859.jar:na]
	at org.eclipse.ui.internal.Workbench.access$4(Workbench.java:2499) [org.eclipse.ui.workbench_3.7.1.v20120104-1859.jar:na]
	at org.eclipse.ui.internal.Workbench$7.run(Workbench.java:679) [org.eclipse.ui.workbench_3.7.1.v20120104-1859.jar:na]
	at org.eclipse.core.databinding.observable.Realm.runWithDefault(Realm.java:332) [org.eclipse.core.databinding.observable_1.4.0.I20110222-0800.jar:na]
	at org.eclipse.ui.internal.Workbench.createAndRunWorkbench(Workbench.java:668) [org.eclipse.ui.workbench_3.7.1.v20120104-1859.jar:na]
	at org.eclipse.ui.PlatformUI.createAndRunWorkbench(PlatformUI.java:149) [org.eclipse.ui.workbench_3.7.1.v20120104-1859.jar:na]
	at org.eclipse.ui.internal.ide.application.IDEApplication.start(IDEApplication.java:123) [org.eclipse.ui.ide.application_1.0.300.I20110306-2000.jar:na]
	at org.eclipse.equinox.internal.app.EclipseAppHandle.run(EclipseAppHandle.java:196) [org.eclipse.equinox.app_1.3.100.v20110321.jar:na]
	at org.eclipse.core.runtime.internal.adaptor.EclipseAppLauncher.runApplication(EclipseAppLauncher.java:110) [org.eclipse.osgi_3.7.2.v20120110-1415.jar:na]
	at org.eclipse.core.runtime.internal.adaptor.EclipseAppLauncher.start(EclipseAppLauncher.java:79) [org.eclipse.osgi_3.7.2.v20120110-1415.jar:na]
	at org.eclipse.core.runtime.adaptor.EclipseStarter.run(EclipseStarter.java:344) [org.eclipse.osgi_3.7.2.v20120110-1415.jar:na]
	at org.eclipse.core.runtime.adaptor.EclipseStarter.run(EclipseStarter.java:179) [org.eclipse.osgi_3.7.2.v20120110-1415.jar:na]
	at sun.reflect.NativeMethodAccessorImpl.invoke0(Native Method) ~[na:1.6.0_13]
	at sun.reflect.NativeMethodAccessorImpl.invoke(NativeMethodAccessorImpl.java:39) ~[na:1.6.0_13]
	at sun.reflect.DelegatingMethodAccessorImpl.invoke(DelegatingMethodAccessorImpl.java:25) ~[na:1.6.0_13]
	at java.lang.reflect.Method.invoke(Method.java:597) ~[na:1.6.0_13]
	at org.eclipse.equinox.launcher.Main.invokeFramework(Main.java:622) [ORB7B5~1.JAR:na]
	at org.eclipse.equinox.launcher.Main.basicRun(Main.java:577) [ORB7B5~1.JAR:na]
	at org.eclipse.equinox.launcher.Main.run(Main.java:1410) [ORB7B5~1.JAR:na]
	at org.eclipse.equinox.launcher.Main.main(Main.java:1386) [ORB7B5~1.JAR:na]
	at sun.reflect.NativeMethodAccessorImpl.invoke0(Native Method) ~[na:1.6.0_13]
	at sun.reflect.NativeMethodAccessorImpl.invoke(NativeMethodAccessorImpl.java:39) ~[na:1.6.0_13]
	at sun.reflect.DelegatingMethodAccessorImpl.invoke(DelegatingMethodAccessorImpl.java:25) ~[na:1.6.0_13]
	at java.lang.reflect.Method.invoke(Method.java:597) ~[na:1.6.0_13]
	at com.genuitec.pulse.eclipse.launcher.Main.main(Main.java:110) [pulse.i18n.jar:na]
